{"level":"info","message":"Node environment: development","timestamp":"18:00:26"}
{"level":"info","message":"express: development server listening to your mom on PORT: 3000","timestamp":"18:00:26"}
{"level":"info","message":"/form/survey","timestamp":"18:00:31"}
{"level":"info","message":"hitting req auth no","timestamp":"18:00:31"}
{"level":"info","message":"/","timestamp":"18:00:39"}
{"level":"info","message":"hitting req auth no","timestamp":"18:00:39"}
{"level":"info","message":"/api/user","timestamp":"18:00:40"}
{"level":"info","message":"hitting req auth no","timestamp":"18:00:40"}
{"level":"info","message":"Node environment: development","timestamp":"18:03:50"}
{"level":"info","message":"express: development server listening to your mom on PORT: 3000","timestamp":"18:03:51"}
{"level":"info","message":"/form/survey","timestamp":"18:03:54"}
{"level":"info","message":"hitting req auth no","timestamp":"18:03:54"}
{"level":"info","message":"/","timestamp":"18:04:00"}
{"level":"info","message":"hitting req auth no","timestamp":"18:04:00"}
{"level":"info","message":"/api/user","timestamp":"18:04:02"}
{"level":"info","message":"hitting req auth no","timestamp":"18:04:02"}
{"level":"info","message":"Node environment: development","timestamp":"18:04:31"}
{"level":"info","message":"express: development server listening to your mom on PORT: 3000","timestamp":"18:04:31"}
{"level":"info","message":"/form/survey","timestamp":"18:04:35"}
{"level":"info","message":"hitting req auth no","timestamp":"18:04:35"}
{"level":"info","message":"/","timestamp":"18:04:40"}
{"level":"info","message":"hitting req auth no","timestamp":"18:04:40"}
{"level":"info","message":"/api/user","timestamp":"18:04:41"}
{"level":"info","message":"hitting req auth no","timestamp":"18:04:41"}
{"level":"info","message":"Node environment: development","timestamp":"18:05:04"}
{"level":"info","message":"express: development server listening to your mom on PORT: 3000","timestamp":"18:05:05"}
{"level":"info","message":"/form/survey","timestamp":"18:05:07"}
{"level":"info","message":"hitting req auth no","timestamp":"18:05:07"}
{"level":"info","message":"Node environment: development","timestamp":"18:05:31"}
{"level":"info","message":"express: development server listening to your mom on PORT: 3000","timestamp":"18:05:32"}
{"level":"info","message":"/form/survey","timestamp":"18:05:34"}
{"level":"info","message":"hitting req auth no","timestamp":"18:05:34"}
{"level":"info","message":"Node environment: development","timestamp":"18:08:33"}
{"level":"info","message":"express: development server listening to your mom on PORT: 3000","timestamp":"18:08:33"}
{"level":"info","message":"/form/survey","timestamp":"18:08:36"}
{"level":"info","message":"hitting req auth no","timestamp":"18:08:36"}
{"level":"info","message":"Node environment: development","timestamp":"18:09:06"}
{"level":"info","message":"express: development server listening to your mom on PORT: 3000","timestamp":"18:09:07"}
{"level":"info","message":"/form/survey","timestamp":"18:09:11"}
{"level":"info","message":"hitting req auth no","timestamp":"18:09:11"}
{"level":"info","message":"Node environment: development","timestamp":"18:11:06"}
{"level":"info","message":"express: development server listening to your mom on PORT: 3000","timestamp":"18:11:06"}
{"level":"info","message":"/form/survey","timestamp":"18:11:10"}
{"level":"info","message":"hitting req auth no","timestamp":"18:11:10"}
{"level":"info","message":"/form/survey","timestamp":"18:11:11"}
{"level":"info","message":"hitting req auth no","timestamp":"18:11:11"}
{"level":"info","message":"Node environment: development","timestamp":"18:13:00"}
{"level":"info","message":"express: development server listening to your mom on PORT: 3000","timestamp":"18:13:01"}
{"level":"info","message":"/form/survey","timestamp":"18:13:04"}
{"level":"info","message":"hitting req auth no","timestamp":"18:13:04"}
{"level":"info","message":"Node environment: development","timestamp":"18:14:05"}
{"level":"info","message":"express: development server listening to your mom on PORT: 3000","timestamp":"18:14:06"}
{"level":"info","message":"/form/survey","timestamp":"18:14:08"}
{"level":"info","message":"hitting req auth no","timestamp":"18:14:08"}
{"level":"info","message":"Node environment: development","timestamp":"18:15:30"}
{"level":"info","message":"express: development server listening to your mom on PORT: 3000","timestamp":"18:15:30"}
{"level":"info","message":"/form/survey","timestamp":"18:15:33"}
{"level":"info","message":"hitting req auth no","timestamp":"18:15:33"}
{"level":"info","message":"Node environment: development","timestamp":"18:17:26"}
{"level":"info","message":"express: development server listening to your mom on PORT: 3000","timestamp":"18:17:27"}
{"level":"info","message":"/form/survey","timestamp":"18:17:29"}
{"level":"info","message":"hitting req auth no","timestamp":"18:17:29"}
{"level":"info","message":"/form/survey","timestamp":"18:17:30"}
{"level":"info","message":"hitting req auth no","timestamp":"18:17:30"}
{"level":"info","message":"Node environment: development","timestamp":"18:20:14"}
{"level":"info","message":"express: development server listening to your mom on PORT: 3000","timestamp":"18:20:15"}
{"level":"info","message":"/form/survey","timestamp":"18:20:18"}
{"level":"info","message":"hitting req auth no","timestamp":"18:20:18"}
{"level":"info","message":"/robots.txt","timestamp":"18:20:19"}
{"level":"info","message":"hitting req auth no","timestamp":"18:20:19"}
